/usr/bin/ld: CMakeFiles/contact_test.dir/src/contact_test.cpp.o: in function `main':
contact_test.cpp:(.text+0x95): undefined reference to `ros::init(int&, char**, std::__cxx11::basic_string<char, std::char_traits<char>, std::allocator<char> > const&, unsigned int)'
/usr/bin/ld: contact_test.cpp:(.text+0x127): undefined reference to `ros::NodeHandle::NodeHandle(std::__cxx11::basic_string<char, std::char_traits<char>, std::allocator<char> > const&, std::map<std::__cxx11::basic_string<char, std::char_traits<char>, std::allocator<char> >, std::__cxx11::basic_string<char, std::char_traits<char>, std::allocator<char> >, std::less<std::__cxx11::basic_string<char, std::char_traits<char>, std::allocator<char> > >, std::allocator<std::pair<std::__cxx11::basic_string<char, std::char_traits<char>, std::allocator<char> > const, std::__cxx11::basic_string<char, std::char_traits<char>, std::allocator<char> > > > > const&)'
/usr/bin/ld: contact_test.cpp:(.text+0x1a0): undefined reference to `ros::NodeHandle::getParam(std::__cxx11::basic_string<char, std::char_traits<char>, std::allocator<char> > const&, double&) const'
/usr/bin/ld: contact_test.cpp:(.text+0x1d9): undefined reference to `ros::Rate::Rate(double)'
/usr/bin/ld: contact_test.cpp:(.text+0x1de): undefined reference to `ros::ok()'
/usr/bin/ld: contact_test.cpp:(.text+0x1e7): undefined reference to `ros::spinOnce()'
/usr/bin/ld: contact_test.cpp:(.text+0x1f6): undefined reference to `ros::Rate::sleep()'
/usr/bin/ld: contact_test.cpp:(.text+0x20c): undefined reference to `ros::NodeHandle::~NodeHandle()'
/usr/bin/ld: contact_test.cpp:(.text+0x2d5): undefined reference to `ros::NodeHandle::~NodeHandle()'
/usr/bin/ld: CMakeFiles/contact_test.dir/src/contact_test.cpp.o: in function `__static_initialization_and_destruction_0(int, int)':
contact_test.cpp:(.text+0x35c): undefined reference to `vtkDebugLeaksManager::vtkDebugLeaksManager()'
/usr/bin/ld: contact_test.cpp:(.text+0x371): undefined reference to `vtkDebugLeaksManager::~vtkDebugLeaksManager()'
/usr/bin/ld: contact_test.cpp:(.text+0x385): undefined reference to `vtkObjectFactoryRegistryCleanup::vtkObjectFactoryRegistryCleanup()'
/usr/bin/ld: contact_test.cpp:(.text+0x39a): undefined reference to `vtkObjectFactoryRegistryCleanup::~vtkObjectFactoryRegistryCleanup()'
/usr/bin/ld: CMakeFiles/contact_test.dir/src/contact_test.cpp.o: in function `vtkRenderingCore_AutoInit::vtkRenderingCore_AutoInit()':
contact_test.cpp:(.text._ZN25vtkRenderingCore_AutoInitC2Ev[_ZN25vtkRenderingCore_AutoInitC5Ev]+0x11): undefined reference to `vtkInteractionStyle_AutoInit_Construct()'
/usr/bin/ld: contact_test.cpp:(.text._ZN25vtkRenderingCore_AutoInitC2Ev[_ZN25vtkRenderingCore_AutoInitC5Ev]+0x16): undefined reference to `vtkRenderingFreeType_AutoInit_Construct()'
/usr/bin/ld: contact_test.cpp:(.text._ZN25vtkRenderingCore_AutoInitC2Ev[_ZN25vtkRenderingCore_AutoInitC5Ev]+0x1b): undefined reference to `vtkRenderingOpenGL2_AutoInit_Construct()'
/usr/bin/ld: CMakeFiles/contact_test.dir/src/contact_test.cpp.o: in function `vtkRenderingCore_AutoInit::~vtkRenderingCore_AutoInit()':
contact_test.cpp:(.text._ZN25vtkRenderingCore_AutoInitD2Ev[_ZN25vtkRenderingCore_AutoInitD5Ev]+0x11): undefined reference to `vtkInteractionStyle_AutoInit_Destruct()'
/usr/bin/ld: contact_test.cpp:(.text._ZN25vtkRenderingCore_AutoInitD2Ev[_ZN25vtkRenderingCore_AutoInitD5Ev]+0x16): undefined reference to `vtkRenderingFreeType_AutoInit_Destruct()'
/usr/bin/ld: contact_test.cpp:(.text._ZN25vtkRenderingCore_AutoInitD2Ev[_ZN25vtkRenderingCore_AutoInitD5Ev]+0x1b): undefined reference to `vtkRenderingOpenGL2_AutoInit_Destruct()'
/usr/bin/ld: CMakeFiles/contact_test.dir/src/contact_test.cpp.o: in function `ContactManager::ContactManager()':
contact_test.cpp:(.text._ZN14ContactManagerC2Ev[_ZN14ContactManagerC5Ev]+0xb7): undefined reference to `ros::NodeHandle::NodeHandle(std::__cxx11::basic_string<char, std::char_traits<char>, std::allocator<char> > const&, std::map<std::__cxx11::basic_string<char, std::char_traits<char>, std::allocator<char> >, std::__cxx11::basic_string<char, std::char_traits<char>, std::allocator<char> >, std::less<std::__cxx11::basic_string<char, std::char_traits<char>, std::allocator<char> > >, std::allocator<std::pair<std::__cxx11::basic_string<char, std::char_traits<char>, std::allocator<char> > const, std::__cxx11::basic_string<char, std::char_traits<char>, std::allocator<char> > > > > const&)'
/usr/bin/ld: contact_test.cpp:(.text._ZN14ContactManagerC2Ev[_ZN14ContactManagerC5Ev]+0x1f6): undefined reference to `ros::Subscriber::~Subscriber()'
/usr/bin/ld: contact_test.cpp:(.text._ZN14ContactManagerC2Ev[_ZN14ContactManagerC5Ev]+0x205): undefined reference to `ros::NodeHandle::~NodeHandle()'
/usr/bin/ld: contact_test.cpp:(.text._ZN14ContactManagerC2Ev[_ZN14ContactManagerC5Ev]+0x29a): undefined reference to `ros::NodeHandle::~NodeHandle()'
/usr/bin/ld: CMakeFiles/contact_test.dir/src/contact_test.cpp.o: in function `ContactManager::contactCallback(boost::shared_ptr<sensor_msgs::PointCloud2_<std::allocator<void> > const> const&)':
contact_test.cpp:(.text._ZN14ContactManager15contactCallbackERKN5boost10shared_ptrIKN11sensor_msgs12PointCloud2_ISaIvEEEEE[_ZN14ContactManager15contactCallbackERKN5boost10shared_ptrIKN11sensor_msgs12PointCloud2_ISaIvEEEEE]+0x96): undefined reference to `surface_reconstructor::Nurbs::~Nurbs()'
/usr/bin/ld: contact_test.cpp:(.text._ZN14ContactManager15contactCallbackERKN5boost10shared_ptrIKN11sensor_msgs12PointCloud2_ISaIvEEEEE[_ZN14ContactManager15contactCallbackERKN5boost10shared_ptrIKN11sensor_msgs12PointCloud2_ISaIvEEEEE]+0xb8): undefined reference to `dynamic_planning::InvKin::~InvKin()'
/usr/bin/ld: contact_test.cpp:(.text._ZN14ContactManager15contactCallbackERKN5boost10shared_ptrIKN11sensor_msgs12PointCloud2_ISaIvEEEEE[_ZN14ContactManager15contactCallbackERKN5boost10shared_ptrIKN11sensor_msgs12PointCloud2_ISaIvEEEEE]+0xf4): undefined reference to `surface_reconstructor::Nurbs::Nurbs(std::shared_ptr<pcl::PointCloud<pcl::PointXYZ> >)'
/usr/bin/ld: contact_test.cpp:(.text._ZN14ContactManager15contactCallbackERKN5boost10shared_ptrIKN11sensor_msgs12PointCloud2_ISaIvEEEEE[_ZN14ContactManager15contactCallbackERKN5boost10shared_ptrIKN11sensor_msgs12PointCloud2_ISaIvEEEEE]+0x126): undefined reference to `dynamic_planning::InvKin::InvKin(surface_reconstructor::Nurbs*)'
/usr/bin/ld: CMakeFiles/contact_test.dir/src/contact_test.cpp.o: in function `ros::Subscriber ros::NodeHandle::subscribe<sensor_msgs::PointCloud2_<std::allocator<void> >, ContactManager>(std::__cxx11::basic_string<char, std::char_traits<char>, std::allocator<char> > const&, unsigned int, void (ContactManager::*)(boost::shared_ptr<sensor_msgs::PointCloud2_<std::allocator<void> > const> const&), ContactManager*, ros::TransportHints const&)':
contact_test.cpp:(.text._ZN3ros10NodeHandle9subscribeIN11sensor_msgs12PointCloud2_ISaIvEEE14ContactManagerEENS_10SubscriberERKNSt7__cxx1112basic_stringIcSt11char_traitsIcESaIcEEEjMT0_FvRKN5boost10shared_ptrIKT_EEEPSG_RKNS_14TransportHintsE[_ZN3ros10NodeHandle9subscribeIN11sensor_msgs12PointCloud2_ISaIvEEE14ContactManagerEENS_10SubscriberERKNSt7__cxx1112basic_stringIcSt11char_traitsIcESaIcEEEjMT0_FvRKN5boost10shared_ptrIKT_EEEPSG_RKNS_14TransportHintsE]+0x15a): undefined reference to `ros::NodeHandle::subscribe(ros::SubscribeOptions&)'
/usr/bin/ld: CMakeFiles/contact_test.dir/src/contact_test.cpp.o: in function `void pcl::detail::FieldMapper<pcl::PointXYZ>::operator()<pcl::fields::x>()':
contact_test.cpp:(.text._ZN3pcl6detail11FieldMapperINS_8PointXYZEEclINS_6fields1xEEEvv[_ZN3pcl6detail11FieldMapperINS_8PointXYZEEclINS_6fields1xEEEvv]+0xe8): undefined reference to `pcl::console::print(pcl::console::VERBOSITY_LEVEL, char const*, ...)'
/usr/bin/ld: CMakeFiles/contact_test.dir/src/contact_test.cpp.o: in function `void pcl::detail::FieldMapper<pcl::PointXYZ>::operator()<pcl::fields::y>()':
contact_test.cpp:(.text._ZN3pcl6detail11FieldMapperINS_8PointXYZEEclINS_6fields1yEEEvv[_ZN3pcl6detail11FieldMapperINS_8PointXYZEEclINS_6fields1yEEEvv]+0xe8): undefined reference to `pcl::console::print(pcl::console::VERBOSITY_LEVEL, char const*, ...)'
/usr/bin/ld: CMakeFiles/contact_test.dir/src/contact_test.cpp.o: in function `void pcl::detail::FieldCaster<pcl::PointXYZ>::operator()<pcl::fields::x>()':
contact_test.cpp:(.text._ZN3pcl6detail11FieldCasterINS_8PointXYZEEclINS_6fields1xEEEvv[_ZN3pcl6detail11FieldCasterINS_8PointXYZEEclINS_6fields1xEEEvv]+0x1f4): undefined reference to `pcl::console::print(pcl::console::VERBOSITY_LEVEL, char const*, ...)'
/usr/bin/ld: contact_test.cpp:(.text._ZN3pcl6detail11FieldCasterINS_8PointXYZEEclINS_6fields1xEEEvv[_ZN3pcl6detail11FieldCasterINS_8PointXYZEEclINS_6fields1xEEEvv]+0x33d): undefined reference to `pcl::console::print(pcl::console::VERBOSITY_LEVEL, char const*, ...)'
/usr/bin/ld: contact_test.cpp:(.text._ZN3pcl6detail11FieldCasterINS_8PointXYZEEclINS_6fields1xEEEvv[_ZN3pcl6detail11FieldCasterINS_8PointXYZEEclINS_6fields1xEEEvv]+0x47a): undefined reference to `pcl::console::print(pcl::console::VERBOSITY_LEVEL, char const*, ...)'
/usr/bin/ld: CMakeFiles/contact_test.dir/src/contact_test.cpp.o:contact_test.cpp:(.text._ZN3pcl6detail11FieldCasterINS_8PointXYZEEclINS_6fields1xEEEvv[_ZN3pcl6detail11FieldCasterINS_8PointXYZEEclINS_6fields1xEEEvv]+0x5b7): more undefined references to `pcl::console::print(pcl::console::VERBOSITY_LEVEL, char const*, ...)' follow
/usr/bin/ld: CMakeFiles/contact_test.dir/src/contact_test.cpp.o: in function `ros::SubscriptionCallbackHelperT<boost::shared_ptr<sensor_msgs::PointCloud2_<std::allocator<void> > const> const&, void>::deserialize(ros::SubscriptionCallbackHelperDeserializeParams const&)':
contact_test.cpp:(.text._ZN3ros27SubscriptionCallbackHelperTIRKN5boost10shared_ptrIKN11sensor_msgs12PointCloud2_ISaIvEEEEEvE11deserializeERKNS_43SubscriptionCallbackHelperDeserializeParamsE[_ZN3ros27SubscriptionCallbackHelperTIRKN5boost10shared_ptrIKN11sensor_msgs12PointCloud2_ISaIvEEEEEvE11deserializeERKNS_43SubscriptionCallbackHelperDeserializeParamsE]+0x65): undefined reference to `ros::console::g_initialized'
/usr/bin/ld: contact_test.cpp:(.text._ZN3ros27SubscriptionCallbackHelperTIRKN5boost10shared_ptrIKN11sensor_msgs12PointCloud2_ISaIvEEEEEvE11deserializeERKNS_43SubscriptionCallbackHelperDeserializeParamsE[_ZN3ros27SubscriptionCallbackHelperTIRKN5boost10shared_ptrIKN11sensor_msgs12PointCloud2_ISaIvEEEEEvE11deserializeERKNS_43SubscriptionCallbackHelperDeserializeParamsE]+0x75): undefined reference to `ros::console::initialize()'
/usr/bin/ld: contact_test.cpp:(.text._ZN3ros27SubscriptionCallbackHelperTIRKN5boost10shared_ptrIKN11sensor_msgs12PointCloud2_ISaIvEEEEEvE11deserializeERKNS_43SubscriptionCallbackHelperDeserializeParamsE[_ZN3ros27SubscriptionCallbackHelperTIRKN5boost10shared_ptrIKN11sensor_msgs12PointCloud2_ISaIvEEEEEvE11deserializeERKNS_43SubscriptionCallbackHelperDeserializeParamsE]+0xc2): undefined reference to `ros::console::initializeLogLocation(ros::console::LogLocation*, std::__cxx11::basic_string<char, std::char_traits<char>, std::allocator<char> > const&, ros::console::levels::Level)'
/usr/bin/ld: contact_test.cpp:(.text._ZN3ros27SubscriptionCallbackHelperTIRKN5boost10shared_ptrIKN11sensor_msgs12PointCloud2_ISaIvEEEEEvE11deserializeERKNS_43SubscriptionCallbackHelperDeserializeParamsE[_ZN3ros27SubscriptionCallbackHelperTIRKN5boost10shared_ptrIKN11sensor_msgs12PointCloud2_ISaIvEEEEEvE11deserializeERKNS_43SubscriptionCallbackHelperDeserializeParamsE]+0xfe): undefined reference to `ros::console::setLogLocationLevel(ros::console::LogLocation*, ros::console::levels::Level)'
/usr/bin/ld: contact_test.cpp:(.text._ZN3ros27SubscriptionCallbackHelperTIRKN5boost10shared_ptrIKN11sensor_msgs12PointCloud2_ISaIvEEEEEvE11deserializeERKNS_43SubscriptionCallbackHelperDeserializeParamsE[_ZN3ros27SubscriptionCallbackHelperTIRKN5boost10shared_ptrIKN11sensor_msgs12PointCloud2_ISaIvEEEEEvE11deserializeERKNS_43SubscriptionCallbackHelperDeserializeParamsE]+0x10a): undefined reference to `ros::console::checkLogLocationEnabled(ros::console::LogLocation*)'
/usr/bin/ld: contact_test.cpp:(.text._ZN3ros27SubscriptionCallbackHelperTIRKN5boost10shared_ptrIKN11sensor_msgs12PointCloud2_ISaIvEEEEEvE11deserializeERKNS_43SubscriptionCallbackHelperDeserializeParamsE[_ZN3ros27SubscriptionCallbackHelperTIRKN5boost10shared_ptrIKN11sensor_msgs12PointCloud2_ISaIvEEEEEvE11deserializeERKNS_43SubscriptionCallbackHelperDeserializeParamsE]+0x187): undefined reference to `ros::console::print(ros::console::FilterBase*, void*, ros::console::levels::Level, char const*, int, char const*, char const*, ...)'
/usr/bin/ld: CMakeFiles/contact_test.dir/src/contact_test.cpp.o: in function `void ros::serialization::Serializer<unsigned int>::read<ros::serialization::IStream>(ros::serialization::IStream&, unsigned int&)':
contact_test.cpp:(.text._ZN3ros13serialization10SerializerIjE4readINS0_7IStreamEEEvRT_Rj[_ZN3ros13serialization10SerializerIjE4readINS0_7IStreamEEEvRT_Rj]+0x57): undefined reference to `ros::serialization::throwStreamOverrun()'
/usr/bin/ld: CMakeFiles/contact_test.dir/src/contact_test.cpp.o: in function `void ros::serialization::Serializer<unsigned char>::read<ros::serialization::IStream>(ros::serialization::IStream&, unsigned char&)':
contact_test.cpp:(.text._ZN3ros13serialization10SerializerIhE4readINS0_7IStreamEEEvRT_Rh[_ZN3ros13serialization10SerializerIhE4readINS0_7IStreamEEEvRT_Rh]+0x57): undefined reference to `ros::serialization::throwStreamOverrun()'
/usr/bin/ld: CMakeFiles/contact_test.dir/src/contact_test.cpp.o: in function `void ros::serialization::VectorSerializer<unsigned char, std::allocator<unsigned char>, void>::read<ros::serialization::IStream>(ros::serialization::IStream&, std::vector<unsigned char, std::allocator<unsigned char> >&)':
contact_test.cpp:(.text._ZN3ros13serialization16VectorSerializerIhSaIhEvE4readINS0_7IStreamEEEvRT_RSt6vectorIhS2_E[_ZN3ros13serialization16VectorSerializerIhSaIhEvE4readINS0_7IStreamEEEvRT_RSt6vectorIhS2_E]+0xa9): undefined reference to `ros::serialization::throwStreamOverrun()'
/usr/bin/ld: CMakeFiles/contact_test.dir/src/contact_test.cpp.o: in function `void ros::serialization::Serializer<std::__cxx11::basic_string<char, std::char_traits<char>, std::allocator<char> > >::read<ros::serialization::IStream>(ros::serialization::IStream&, std::__cxx11::basic_string<char, std::char_traits<char>, std::allocator<char> >&)':
contact_test.cpp:(.text._ZN3ros13serialization10SerializerINSt7__cxx1112basic_stringIcSt11char_traitsIcESaIcEEEE4readINS0_7IStreamEEEvRT_RS7_[_ZN3ros13serialization10SerializerINSt7__cxx1112basic_stringIcSt11char_traitsIcESaIcEEEE4readINS0_7IStreamEEEvRT_RS7_]+0x9e): undefined reference to `ros::serialization::throwStreamOverrun()'
collect2: error: ld returned 1 exit status
make[2]: *** [CMakeFiles/contact_test.dir/build.make:84: /home/wsl/proj/planning_ws/devel/.private/dynamic_planning/lib/dynamic_planning/contact_test] Error 1
make[1]: *** [CMakeFiles/Makefile2:903: CMakeFiles/contact_test.dir/all] Error 2
make[1]: *** Waiting for unfinished jobs....
make: *** [Makefile:141: all] Error 2
