[01m[K/home/wsl/proj/planning_ws/src/dynamic_planning/src/contact_test.cpp:[m[K In function ‘[01m[Kint main(int, char**)[m[K’:
[01m[K/home/wsl/proj/planning_ws/src/dynamic_planning/src/contact_test.cpp:76:15:[m[K [01;31m[Kerror: [m[Krequest for member ‘[01m[KgetSurface[m[K’ in ‘[01m[Kcm[m[K’, which is of non-class type ‘[01m[Kconst ContactManager()[m[K’
   76 |     while (cm.[01;31m[KgetSurface[m[K() == nullptr) {
      |               [01;31m[K^~~~~~~~~~[m[K
[01m[K/home/wsl/proj/planning_ws/src/dynamic_planning/src/contact_test.cpp:81:8:[m[K [01;31m[Kerror: [m[Krequest for member ‘[01m[KgetSurface[m[K’ in ‘[01m[Kcm[m[K’, which is of non-class type ‘[01m[Kconst ContactManager()[m[K’
   81 |     cm.[01;31m[KgetSurface[m[K()->fitSurface();
      |        [01;31m[K^~~~~~~~~~[m[K
[01m[K/home/wsl/proj/planning_ws/src/dynamic_planning/src/contact_test.cpp:82:24:[m[K [01;31m[Kerror: [m[Krequest for member ‘[01m[KgetSurface[m[K’ in ‘[01m[Kcm[m[K’, which is of non-class type ‘[01m[Kconst ContactManager()[m[K’
   82 |     sr::VizTool viz(cm.[01;31m[KgetSurface[m[K());
      |                        [01;31m[K^~~~~~~~~~[m[K
[01m[K/home/wsl/proj/planning_ws/src/dynamic_planning/src/contact_test.cpp:88:40:[m[K [01;31m[Kerror: [m[K‘[01m[Knh[m[K’ was not declared in this scope
   88 |     const ros::Publisher pub_surface = [01;31m[Knh[m[K.advertise<visualization_msgs::Marker>("surface_marker", 1);
      |                                        [01;31m[K^~[m[K
[01m[K/home/wsl/proj/planning_ws/src/dynamic_planning/src/contact_test.cpp:88:79:[m[K [01;31m[Kerror: [m[Kexpected primary-expression before ‘[01m[K>[m[K’ token
   88 |     const ros::Publisher pub_surface = nh.advertise<visualization_msgs::Marker[01;31m[K>[m[K("surface_marker", 1);
      |                                                                               [01;31m[K^[m[K
[01m[K/home/wsl/proj/planning_ws/src/dynamic_planning/src/contact_test.cpp:89:77:[m[K [01;31m[Kerror: [m[Kexpected primary-expression before ‘[01m[K>[m[K’ token
   89 |     const ros::Publisher pub_point = nh.advertise<visualization_msgs::Marker[01;31m[K>[m[K("point_marker", 1);
      |                                                                             [01;31m[K^[m[K
[01m[K/home/wsl/proj/planning_ws/src/dynamic_planning/src/contact_test.cpp:90:78:[m[K [01;31m[Kerror: [m[Kexpected primary-expression before ‘[01m[K>[m[K’ token
   90 |     const ros::Publisher pub_normal = nh.advertise<visualization_msgs::Marker[01;31m[K>[m[K("normal_marker", 1);
      |                                                                              [01;31m[K^[m[K
[01m[K/home/wsl/proj/planning_ws/src/dynamic_planning/src/contact_test.cpp:105:25:[m[K [01;31m[Kerror: [m[Krequest for member ‘[01m[KgetPoint[m[K’ in ‘[01m[Kcm[m[K’, which is of non-class type ‘[01m[Kconst ContactManager()[m[K’
  105 |         viz.vizPoint(cm.[01;31m[KgetPoint[m[K()[0], cm.getPoint()[1], point_marker);
      |                         [01;31m[K^~~~~~~~[m[K
[01m[K/home/wsl/proj/planning_ws/src/dynamic_planning/src/contact_test.cpp:105:43:[m[K [01;31m[Kerror: [m[Krequest for member ‘[01m[KgetPoint[m[K’ in ‘[01m[Kcm[m[K’, which is of non-class type ‘[01m[Kconst ContactManager()[m[K’
  105 |         viz.vizPoint(cm.getPoint()[0], cm.[01;31m[KgetPoint[m[K()[1], point_marker);
      |                                           [01;31m[K^~~~~~~~[m[K
[01m[K/home/wsl/proj/planning_ws/src/dynamic_planning/src/contact_test.cpp:106:26:[m[K [01;31m[Kerror: [m[Krequest for member ‘[01m[KgetPoint[m[K’ in ‘[01m[Kcm[m[K’, which is of non-class type ‘[01m[Kconst ContactManager()[m[K’
  106 |         viz.vizNormal(cm.[01;31m[KgetPoint[m[K()[0], cm.getPoint()[1], normal_marker);
      |                          [01;31m[K^~~~~~~~[m[K
[01m[K/home/wsl/proj/planning_ws/src/dynamic_planning/src/contact_test.cpp:106:44:[m[K [01;31m[Kerror: [m[Krequest for member ‘[01m[KgetPoint[m[K’ in ‘[01m[Kcm[m[K’, which is of non-class type ‘[01m[Kconst ContactManager()[m[K’
  106 |         viz.vizNormal(cm.getPoint()[0], cm.[01;31m[KgetPoint[m[K()[1], normal_marker);
      |                                            [01;31m[K^~~~~~~~[m[K
make[2]: *** [CMakeFiles/contact_test.dir/build.make:63: CMakeFiles/contact_test.dir/src/contact_test.cpp.o] Error 1
make[1]: *** [CMakeFiles/Makefile2:903: CMakeFiles/contact_test.dir/all] Error 2
make: *** [Makefile:141: all] Error 2
