[01m[K/home/wsl/proj/planning_ws/src/dynamic_planning/src/contact_test.cpp:[m[K In function ‘[01m[Kint main(int, char**)[m[K’:
[01m[K/home/wsl/proj/planning_ws/src/dynamic_planning/src/contact_test.cpp:257:29:[m[K [01;35m[Kwarning: [m[Knarrowing conversion of ‘[01m[K((Eigen::DenseCoeffsBase<Eigen::Matrix<double, 5, 1>, 1>*)(& q))->Eigen::DenseCoeffsBase<Eigen::Matrix<double, 5, 1>, 1>::operator()(0)[m[K’ from ‘[01m[KEigen::DenseCoeffsBase<Eigen::Matrix<double, 5, 1>, 1>::Scalar[m[K’ {aka ‘[01m[Kdouble[m[K’} to ‘[01m[Kfloat[m[K’ [[01;35m[K-Wnarrowing[m[K]
  257 |         target_msg.data = {[01;35m[Kq(0)[m[K, q(1), q(2), q(3), q(4)};
      |                            [01;35m[K~^~~[m[K
[01m[K/home/wsl/proj/planning_ws/src/dynamic_planning/src/contact_test.cpp:257:29:[m[K [01;35m[Kwarning: [m[Knarrowing conversion of ‘[01m[K((Eigen::DenseCoeffsBase<Eigen::Matrix<double, 5, 1>, 1>*)(& q))->Eigen::DenseCoeffsBase<Eigen::Matrix<double, 5, 1>, 1>::operator()(0)[m[K’ from ‘[01m[KEigen::DenseCoeffsBase<Eigen::Matrix<double, 5, 1>, 1>::Scalar[m[K’ {aka ‘[01m[Kdouble[m[K’} to ‘[01m[Kfloat[m[K’ [[01;35m[K-Wnarrowing[m[K]
[01m[K/home/wsl/proj/planning_ws/src/dynamic_planning/src/contact_test.cpp:257:35:[m[K [01;35m[Kwarning: [m[Knarrowing conversion of ‘[01m[K((Eigen::DenseCoeffsBase<Eigen::Matrix<double, 5, 1>, 1>*)(& q))->Eigen::DenseCoeffsBase<Eigen::Matrix<double, 5, 1>, 1>::operator()(1)[m[K’ from ‘[01m[KEigen::DenseCoeffsBase<Eigen::Matrix<double, 5, 1>, 1>::Scalar[m[K’ {aka ‘[01m[Kdouble[m[K’} to ‘[01m[Kfloat[m[K’ [[01;35m[K-Wnarrowing[m[K]
  257 |         target_msg.data = {q(0), [01;35m[Kq(1)[m[K, q(2), q(3), q(4)};
      |                                  [01;35m[K~^~~[m[K
[01m[K/home/wsl/proj/planning_ws/src/dynamic_planning/src/contact_test.cpp:257:35:[m[K [01;35m[Kwarning: [m[Knarrowing conversion of ‘[01m[K((Eigen::DenseCoeffsBase<Eigen::Matrix<double, 5, 1>, 1>*)(& q))->Eigen::DenseCoeffsBase<Eigen::Matrix<double, 5, 1>, 1>::operator()(1)[m[K’ from ‘[01m[KEigen::DenseCoeffsBase<Eigen::Matrix<double, 5, 1>, 1>::Scalar[m[K’ {aka ‘[01m[Kdouble[m[K’} to ‘[01m[Kfloat[m[K’ [[01;35m[K-Wnarrowing[m[K]
[01m[K/home/wsl/proj/planning_ws/src/dynamic_planning/src/contact_test.cpp:257:41:[m[K [01;35m[Kwarning: [m[Knarrowing conversion of ‘[01m[K((Eigen::DenseCoeffsBase<Eigen::Matrix<double, 5, 1>, 1>*)(& q))->Eigen::DenseCoeffsBase<Eigen::Matrix<double, 5, 1>, 1>::operator()(2)[m[K’ from ‘[01m[KEigen::DenseCoeffsBase<Eigen::Matrix<double, 5, 1>, 1>::Scalar[m[K’ {aka ‘[01m[Kdouble[m[K’} to ‘[01m[Kfloat[m[K’ [[01;35m[K-Wnarrowing[m[K]
  257 |         target_msg.data = {q(0), q(1), [01;35m[Kq(2)[m[K, q(3), q(4)};
      |                                        [01;35m[K~^~~[m[K
[01m[K/home/wsl/proj/planning_ws/src/dynamic_planning/src/contact_test.cpp:257:41:[m[K [01;35m[Kwarning: [m[Knarrowing conversion of ‘[01m[K((Eigen::DenseCoeffsBase<Eigen::Matrix<double, 5, 1>, 1>*)(& q))->Eigen::DenseCoeffsBase<Eigen::Matrix<double, 5, 1>, 1>::operator()(2)[m[K’ from ‘[01m[KEigen::DenseCoeffsBase<Eigen::Matrix<double, 5, 1>, 1>::Scalar[m[K’ {aka ‘[01m[Kdouble[m[K’} to ‘[01m[Kfloat[m[K’ [[01;35m[K-Wnarrowing[m[K]
[01m[K/home/wsl/proj/planning_ws/src/dynamic_planning/src/contact_test.cpp:257:47:[m[K [01;35m[Kwarning: [m[Knarrowing conversion of ‘[01m[K((Eigen::DenseCoeffsBase<Eigen::Matrix<double, 5, 1>, 1>*)(& q))->Eigen::DenseCoeffsBase<Eigen::Matrix<double, 5, 1>, 1>::operator()(3)[m[K’ from ‘[01m[KEigen::DenseCoeffsBase<Eigen::Matrix<double, 5, 1>, 1>::Scalar[m[K’ {aka ‘[01m[Kdouble[m[K’} to ‘[01m[Kfloat[m[K’ [[01;35m[K-Wnarrowing[m[K]
  257 |         target_msg.data = {q(0), q(1), q(2), [01;35m[Kq(3)[m[K, q(4)};
      |                                              [01;35m[K~^~~[m[K
[01m[K/home/wsl/proj/planning_ws/src/dynamic_planning/src/contact_test.cpp:257:47:[m[K [01;35m[Kwarning: [m[Knarrowing conversion of ‘[01m[K((Eigen::DenseCoeffsBase<Eigen::Matrix<double, 5, 1>, 1>*)(& q))->Eigen::DenseCoeffsBase<Eigen::Matrix<double, 5, 1>, 1>::operator()(3)[m[K’ from ‘[01m[KEigen::DenseCoeffsBase<Eigen::Matrix<double, 5, 1>, 1>::Scalar[m[K’ {aka ‘[01m[Kdouble[m[K’} to ‘[01m[Kfloat[m[K’ [[01;35m[K-Wnarrowing[m[K]
[01m[K/home/wsl/proj/planning_ws/src/dynamic_planning/src/contact_test.cpp:257:53:[m[K [01;35m[Kwarning: [m[Knarrowing conversion of ‘[01m[K((Eigen::DenseCoeffsBase<Eigen::Matrix<double, 5, 1>, 1>*)(& q))->Eigen::DenseCoeffsBase<Eigen::Matrix<double, 5, 1>, 1>::operator()(4)[m[K’ from ‘[01m[KEigen::DenseCoeffsBase<Eigen::Matrix<double, 5, 1>, 1>::Scalar[m[K’ {aka ‘[01m[Kdouble[m[K’} to ‘[01m[Kfloat[m[K’ [[01;35m[K-Wnarrowing[m[K]
  257 |         target_msg.data = {q(0), q(1), q(2), q(3), [01;35m[Kq(4)[m[K};
      |                                                    [01;35m[K~^~~[m[K
[01m[K/home/wsl/proj/planning_ws/src/dynamic_planning/src/contact_test.cpp:257:53:[m[K [01;35m[Kwarning: [m[Knarrowing conversion of ‘[01m[K((Eigen::DenseCoeffsBase<Eigen::Matrix<double, 5, 1>, 1>*)(& q))->Eigen::DenseCoeffsBase<Eigen::Matrix<double, 5, 1>, 1>::operator()(4)[m[K’ from ‘[01m[KEigen::DenseCoeffsBase<Eigen::Matrix<double, 5, 1>, 1>::Scalar[m[K’ {aka ‘[01m[Kdouble[m[K’} to ‘[01m[Kfloat[m[K’ [[01;35m[K-Wnarrowing[m[K]
