In file included from [01m[K/opt/ros/noetic/include/ros/ros.h:40[m[K,
                 from [01m[K/home/wsl/proj/planning_ws/src/uam_control_interface/src/uam_pose_control.cpp:1[m[K:
[01m[K/home/wsl/proj/planning_ws/src/uam_control_interface/src/uam_pose_control.cpp:[m[K In function ‘[01m[Kint main(int, char**)[m[K’:
[01m[K/home/wsl/proj/planning_ws/src/uam_control_interface/src/uam_pose_control.cpp:106:18:[m[K [01;35m[Kwarning: [m[Kformat ‘[01m[K%f[m[K’ expects argument of type ‘[01m[Kdouble[m[K’, but argument 8 has type ‘[01m[Kint[m[K’ [[01;35m[K-Wformat=[m[K]
  106 |         ROS_INFO([01;35m[K"Setting initial position: [%f, %f, %f, %f, %f]"[m[K, [32m[K0[m[K, 0, 2, 0, 0);
      |                  [01;35m[K^~~~~~~~~~~~~~~~~~~~~~~~~~~~~~~~~~~~~~~~~~~~~~~~[m[K  [32m[K~[m[K
      |                                                                    [32m[K|[m[K
      |                                                                    [32m[Kint[m[K
[01m[K/opt/ros/noetic/include/ros/console.h:351:165:[m[K [01;36m[Knote: [m[Kin definition of macro ‘[01m[KROSCONSOLE_PRINT_AT_LOCATION_WITH_FILTER[m[K’
  351 |     ::ros::console::print(filter, __rosconsole_define_location__loc.logger_, __rosconsole_define_location__loc.level_, __FILE__, __LINE__, __ROSCONSOLE_FUNCTION__, [01;36m[K__VA_ARGS__[m[K)
      |                                                                                                                                                                     [01;36m[K^~~~~~~~~~~[m[K
[01m[K/opt/ros/noetic/include/ros/console.h:390:7:[m[K [01;36m[Knote: [m[Kin expansion of macro ‘[01m[KROSCONSOLE_PRINT_AT_LOCATION[m[K’
  390 |       [01;36m[KROSCONSOLE_PRINT_AT_LOCATION[m[K(__VA_ARGS__); \
      |       [01;36m[K^~~~~~~~~~~~~~~~~~~~~~~~~~~~[m[K
[01m[K/opt/ros/noetic/include/ros/console.h:575:35:[m[K [01;36m[Knote: [m[Kin expansion of macro ‘[01m[KROS_LOG_COND[m[K’
  575 | #define ROS_LOG(level, name, ...) [01;36m[KROS_LOG_COND[m[K(true, level, name, __VA_ARGS__)
      |                                   [01;36m[K^~~~~~~~~~~~[m[K
[01m[K/opt/ros/noetic/include/rosconsole/macros_generated.h:110:23:[m[K [01;36m[Knote: [m[Kin expansion of macro ‘[01m[KROS_LOG[m[K’
  110 | #define ROS_INFO(...) [01;36m[KROS_LOG[m[K(::ros::console::levels::Info, ROSCONSOLE_DEFAULT_NAME, __VA_ARGS__)
      |                       [01;36m[K^~~~~~~[m[K
[01m[K/home/wsl/proj/planning_ws/src/uam_control_interface/src/uam_pose_control.cpp:106:9:[m[K [01;36m[Knote: [m[Kin expansion of macro ‘[01m[KROS_INFO[m[K’
  106 |         [01;36m[KROS_INFO[m[K("Setting initial position: [%f, %f, %f, %f, %f]", 0, 0, 2, 0, 0);
      |         [01;36m[K^~~~~~~~[m[K
[01m[K/home/wsl/proj/planning_ws/src/uam_control_interface/src/uam_pose_control.cpp:106:47:[m[K [01;36m[Knote: [m[Kformat string is defined here
  106 |         ROS_INFO("Setting initial position: [[01;36m[K%f[m[K, %f, %f, %f, %f]", 0, 0, 2, 0, 0);
      |                                              [01;36m[K~^[m[K
      |                                               [01;36m[K|[m[K
      |                                               [01;36m[Kdouble[m[K
      |                                              [32m[K%d[m[K
In file included from [01m[K/opt/ros/noetic/include/ros/ros.h:40[m[K,
                 from [01m[K/home/wsl/proj/planning_ws/src/uam_control_interface/src/uam_pose_control.cpp:1[m[K:
[01m[K/home/wsl/proj/planning_ws/src/uam_control_interface/src/uam_pose_control.cpp:106:18:[m[K [01;35m[Kwarning: [m[Kformat ‘[01m[K%f[m[K’ expects argument of type ‘[01m[Kdouble[m[K’, but argument 9 has type ‘[01m[Kint[m[K’ [[01;35m[K-Wformat=[m[K]
  106 |         ROS_INFO([01;35m[K"Setting initial position: [%f, %f, %f, %f, %f]"[m[K, 0, [32m[K0[m[K, 2, 0, 0);
      |                  [01;35m[K^~~~~~~~~~~~~~~~~~~~~~~~~~~~~~~~~~~~~~~~~~~~~~~~[m[K     [32m[K~[m[K
      |                                                                       [32m[K|[m[K
      |                                                                       [32m[Kint[m[K
[01m[K/opt/ros/noetic/include/ros/console.h:351:165:[m[K [01;36m[Knote: [m[Kin definition of macro ‘[01m[KROSCONSOLE_PRINT_AT_LOCATION_WITH_FILTER[m[K’
  351 |     ::ros::console::print(filter, __rosconsole_define_location__loc.logger_, __rosconsole_define_location__loc.level_, __FILE__, __LINE__, __ROSCONSOLE_FUNCTION__, [01;36m[K__VA_ARGS__[m[K)
      |                                                                                                                                                                     [01;36m[K^~~~~~~~~~~[m[K
[01m[K/opt/ros/noetic/include/ros/console.h:390:7:[m[K [01;36m[Knote: [m[Kin expansion of macro ‘[01m[KROSCONSOLE_PRINT_AT_LOCATION[m[K’
  390 |       [01;36m[KROSCONSOLE_PRINT_AT_LOCATION[m[K(__VA_ARGS__); \
      |       [01;36m[K^~~~~~~~~~~~~~~~~~~~~~~~~~~~[m[K
[01m[K/opt/ros/noetic/include/ros/console.h:575:35:[m[K [01;36m[Knote: [m[Kin expansion of macro ‘[01m[KROS_LOG_COND[m[K’
  575 | #define ROS_LOG(level, name, ...) [01;36m[KROS_LOG_COND[m[K(true, level, name, __VA_ARGS__)
      |                                   [01;36m[K^~~~~~~~~~~~[m[K
[01m[K/opt/ros/noetic/include/rosconsole/macros_generated.h:110:23:[m[K [01;36m[Knote: [m[Kin expansion of macro ‘[01m[KROS_LOG[m[K’
  110 | #define ROS_INFO(...) [01;36m[KROS_LOG[m[K(::ros::console::levels::Info, ROSCONSOLE_DEFAULT_NAME, __VA_ARGS__)
      |                       [01;36m[K^~~~~~~[m[K
[01m[K/home/wsl/proj/planning_ws/src/uam_control_interface/src/uam_pose_control.cpp:106:9:[m[K [01;36m[Knote: [m[Kin expansion of macro ‘[01m[KROS_INFO[m[K’
  106 |         [01;36m[KROS_INFO[m[K("Setting initial position: [%f, %f, %f, %f, %f]", 0, 0, 2, 0, 0);
      |         [01;36m[K^~~~~~~~[m[K
[01m[K/home/wsl/proj/planning_ws/src/uam_control_interface/src/uam_pose_control.cpp:106:51:[m[K [01;36m[Knote: [m[Kformat string is defined here
  106 |         ROS_INFO("Setting initial position: [%f, [01;36m[K%f[m[K, %f, %f, %f]", 0, 0, 2, 0, 0);
      |                                                  [01;36m[K~^[m[K
      |                                                   [01;36m[K|[m[K
      |                                                   [01;36m[Kdouble[m[K
      |                                                  [32m[K%d[m[K
In file included from [01m[K/opt/ros/noetic/include/ros/ros.h:40[m[K,
                 from [01m[K/home/wsl/proj/planning_ws/src/uam_control_interface/src/uam_pose_control.cpp:1[m[K:
[01m[K/home/wsl/proj/planning_ws/src/uam_control_interface/src/uam_pose_control.cpp:106:18:[m[K [01;35m[Kwarning: [m[Kformat ‘[01m[K%f[m[K’ expects argument of type ‘[01m[Kdouble[m[K’, but argument 10 has type ‘[01m[Kint[m[K’ [[01;35m[K-Wformat=[m[K]
  106 |         ROS_INFO([01;35m[K"Setting initial position: [%f, %f, %f, %f, %f]"[m[K, 0, 0, [32m[K2[m[K, 0, 0);
      |                  [01;35m[K^~~~~~~~~~~~~~~~~~~~~~~~~~~~~~~~~~~~~~~~~~~~~~~~[m[K        [32m[K~[m[K
      |                                                                          [32m[K|[m[K
      |                                                                          [32m[Kint[m[K
[01m[K/opt/ros/noetic/include/ros/console.h:351:165:[m[K [01;36m[Knote: [m[Kin definition of macro ‘[01m[KROSCONSOLE_PRINT_AT_LOCATION_WITH_FILTER[m[K’
  351 |     ::ros::console::print(filter, __rosconsole_define_location__loc.logger_, __rosconsole_define_location__loc.level_, __FILE__, __LINE__, __ROSCONSOLE_FUNCTION__, [01;36m[K__VA_ARGS__[m[K)
      |                                                                                                                                                                     [01;36m[K^~~~~~~~~~~[m[K
[01m[K/opt/ros/noetic/include/ros/console.h:390:7:[m[K [01;36m[Knote: [m[Kin expansion of macro ‘[01m[KROSCONSOLE_PRINT_AT_LOCATION[m[K’
  390 |       [01;36m[KROSCONSOLE_PRINT_AT_LOCATION[m[K(__VA_ARGS__); \
      |       [01;36m[K^~~~~~~~~~~~~~~~~~~~~~~~~~~~[m[K
[01m[K/opt/ros/noetic/include/ros/console.h:575:35:[m[K [01;36m[Knote: [m[Kin expansion of macro ‘[01m[KROS_LOG_COND[m[K’
  575 | #define ROS_LOG(level, name, ...) [01;36m[KROS_LOG_COND[m[K(true, level, name, __VA_ARGS__)
      |                                   [01;36m[K^~~~~~~~~~~~[m[K
[01m[K/opt/ros/noetic/include/rosconsole/macros_generated.h:110:23:[m[K [01;36m[Knote: [m[Kin expansion of macro ‘[01m[KROS_LOG[m[K’
  110 | #define ROS_INFO(...) [01;36m[KROS_LOG[m[K(::ros::console::levels::Info, ROSCONSOLE_DEFAULT_NAME, __VA_ARGS__)
      |                       [01;36m[K^~~~~~~[m[K
[01m[K/home/wsl/proj/planning_ws/src/uam_control_interface/src/uam_pose_control.cpp:106:9:[m[K [01;36m[Knote: [m[Kin expansion of macro ‘[01m[KROS_INFO[m[K’
  106 |         [01;36m[KROS_INFO[m[K("Setting initial position: [%f, %f, %f, %f, %f]", 0, 0, 2, 0, 0);
      |         [01;36m[K^~~~~~~~[m[K
[01m[K/home/wsl/proj/planning_ws/src/uam_control_interface/src/uam_pose_control.cpp:106:55:[m[K [01;36m[Knote: [m[Kformat string is defined here
  106 |         ROS_INFO("Setting initial position: [%f, %f, [01;36m[K%f[m[K, %f, %f]", 0, 0, 2, 0, 0);
      |                                                      [01;36m[K~^[m[K
      |                                                       [01;36m[K|[m[K
      |                                                       [01;36m[Kdouble[m[K
      |                                                      [32m[K%d[m[K
In file included from [01m[K/opt/ros/noetic/include/ros/ros.h:40[m[K,
                 from [01m[K/home/wsl/proj/planning_ws/src/uam_control_interface/src/uam_pose_control.cpp:1[m[K:
[01m[K/home/wsl/proj/planning_ws/src/uam_control_interface/src/uam_pose_control.cpp:106:18:[m[K [01;35m[Kwarning: [m[Kformat ‘[01m[K%f[m[K’ expects argument of type ‘[01m[Kdouble[m[K’, but argument 11 has type ‘[01m[Kint[m[K’ [[01;35m[K-Wformat=[m[K]
  106 |         ROS_INFO([01;35m[K"Setting initial position: [%f, %f, %f, %f, %f]"[m[K, 0, 0, 2, [32m[K0[m[K, 0);
      |                  [01;35m[K^~~~~~~~~~~~~~~~~~~~~~~~~~~~~~~~~~~~~~~~~~~~~~~~[m[K           [32m[K~[m[K
      |                                                                             [32m[K|[m[K
      |                                                                             [32m[Kint[m[K
[01m[K/opt/ros/noetic/include/ros/console.h:351:165:[m[K [01;36m[Knote: [m[Kin definition of macro ‘[01m[KROSCONSOLE_PRINT_AT_LOCATION_WITH_FILTER[m[K’
  351 |     ::ros::console::print(filter, __rosconsole_define_location__loc.logger_, __rosconsole_define_location__loc.level_, __FILE__, __LINE__, __ROSCONSOLE_FUNCTION__, [01;36m[K__VA_ARGS__[m[K)
      |                                                                                                                                                                     [01;36m[K^~~~~~~~~~~[m[K
[01m[K/opt/ros/noetic/include/ros/console.h:390:7:[m[K [01;36m[Knote: [m[Kin expansion of macro ‘[01m[KROSCONSOLE_PRINT_AT_LOCATION[m[K’
  390 |       [01;36m[KROSCONSOLE_PRINT_AT_LOCATION[m[K(__VA_ARGS__); \
      |       [01;36m[K^~~~~~~~~~~~~~~~~~~~~~~~~~~~[m[K
[01m[K/opt/ros/noetic/include/ros/console.h:575:35:[m[K [01;36m[Knote: [m[Kin expansion of macro ‘[01m[KROS_LOG_COND[m[K’
  575 | #define ROS_LOG(level, name, ...) [01;36m[KROS_LOG_COND[m[K(true, level, name, __VA_ARGS__)
      |                                   [01;36m[K^~~~~~~~~~~~[m[K
[01m[K/opt/ros/noetic/include/rosconsole/macros_generated.h:110:23:[m[K [01;36m[Knote: [m[Kin expansion of macro ‘[01m[KROS_LOG[m[K’
  110 | #define ROS_INFO(...) [01;36m[KROS_LOG[m[K(::ros::console::levels::Info, ROSCONSOLE_DEFAULT_NAME, __VA_ARGS__)
      |                       [01;36m[K^~~~~~~[m[K
[01m[K/home/wsl/proj/planning_ws/src/uam_control_interface/src/uam_pose_control.cpp:106:9:[m[K [01;36m[Knote: [m[Kin expansion of macro ‘[01m[KROS_INFO[m[K’
  106 |         [01;36m[KROS_INFO[m[K("Setting initial position: [%f, %f, %f, %f, %f]", 0, 0, 2, 0, 0);
      |         [01;36m[K^~~~~~~~[m[K
[01m[K/home/wsl/proj/planning_ws/src/uam_control_interface/src/uam_pose_control.cpp:106:59:[m[K [01;36m[Knote: [m[Kformat string is defined here
  106 |         ROS_INFO("Setting initial position: [%f, %f, %f, [01;36m[K%f[m[K, %f]", 0, 0, 2, 0, 0);
      |                                                          [01;36m[K~^[m[K
      |                                                           [01;36m[K|[m[K
      |                                                           [01;36m[Kdouble[m[K
      |                                                          [32m[K%d[m[K
In file included from [01m[K/opt/ros/noetic/include/ros/ros.h:40[m[K,
                 from [01m[K/home/wsl/proj/planning_ws/src/uam_control_interface/src/uam_pose_control.cpp:1[m[K:
[01m[K/home/wsl/proj/planning_ws/src/uam_control_interface/src/uam_pose_control.cpp:106:18:[m[K [01;35m[Kwarning: [m[Kformat ‘[01m[K%f[m[K’ expects argument of type ‘[01m[Kdouble[m[K’, but argument 12 has type ‘[01m[Kint[m[K’ [[01;35m[K-Wformat=[m[K]
  106 |         ROS_INFO([01;35m[K"Setting initial position: [%f, %f, %f, %f, %f]"[m[K, 0, 0, 2, 0, [32m[K0[m[K);
      |                  [01;35m[K^~~~~~~~~~~~~~~~~~~~~~~~~~~~~~~~~~~~~~~~~~~~~~~~[m[K              [32m[K~[m[K
      |                                                                                [32m[K|[m[K
      |                                                                                [32m[Kint[m[K
[01m[K/opt/ros/noetic/include/ros/console.h:351:165:[m[K [01;36m[Knote: [m[Kin definition of macro ‘[01m[KROSCONSOLE_PRINT_AT_LOCATION_WITH_FILTER[m[K’
  351 |     ::ros::console::print(filter, __rosconsole_define_location__loc.logger_, __rosconsole_define_location__loc.level_, __FILE__, __LINE__, __ROSCONSOLE_FUNCTION__, [01;36m[K__VA_ARGS__[m[K)
      |                                                                                                                                                                     [01;36m[K^~~~~~~~~~~[m[K
[01m[K/opt/ros/noetic/include/ros/console.h:390:7:[m[K [01;36m[Knote: [m[Kin expansion of macro ‘[01m[KROSCONSOLE_PRINT_AT_LOCATION[m[K’
  390 |       [01;36m[KROSCONSOLE_PRINT_AT_LOCATION[m[K(__VA_ARGS__); \
      |       [01;36m[K^~~~~~~~~~~~~~~~~~~~~~~~~~~~[m[K
[01m[K/opt/ros/noetic/include/ros/console.h:575:35:[m[K [01;36m[Knote: [m[Kin expansion of macro ‘[01m[KROS_LOG_COND[m[K’
  575 | #define ROS_LOG(level, name, ...) [01;36m[KROS_LOG_COND[m[K(true, level, name, __VA_ARGS__)
      |                                   [01;36m[K^~~~~~~~~~~~[m[K
[01m[K/opt/ros/noetic/include/rosconsole/macros_generated.h:110:23:[m[K [01;36m[Knote: [m[Kin expansion of macro ‘[01m[KROS_LOG[m[K’
  110 | #define ROS_INFO(...) [01;36m[KROS_LOG[m[K(::ros::console::levels::Info, ROSCONSOLE_DEFAULT_NAME, __VA_ARGS__)
      |                       [01;36m[K^~~~~~~[m[K
[01m[K/home/wsl/proj/planning_ws/src/uam_control_interface/src/uam_pose_control.cpp:106:9:[m[K [01;36m[Knote: [m[Kin expansion of macro ‘[01m[KROS_INFO[m[K’
  106 |         [01;36m[KROS_INFO[m[K("Setting initial position: [%f, %f, %f, %f, %f]", 0, 0, 2, 0, 0);
      |         [01;36m[K^~~~~~~~[m[K
[01m[K/home/wsl/proj/planning_ws/src/uam_control_interface/src/uam_pose_control.cpp:106:63:[m[K [01;36m[Knote: [m[Kformat string is defined here
  106 |         ROS_INFO("Setting initial position: [%f, %f, %f, %f, [01;36m[K%f[m[K]", 0, 0, 2, 0, 0);
      |                                                              [01;36m[K~^[m[K
      |                                                               [01;36m[K|[m[K
      |                                                               [01;36m[Kdouble[m[K
      |                                                              [32m[K%d[m[K
