** WARNING ** io features related to pcap will be disabled
[33m[1mCMake Warning[0m at /home/z017/proj/pcl/build/PCLConfig.cmake:260 (find_package):
  By not providing "Findlibusb.cmake" in CMAKE_MODULE_PATH this project has
  asked CMake to find a package configuration file provided by "libusb", but
  CMake did not find one.

  Could not find a package configuration file provided by "libusb" with any
  of the following names:

    libusbConfig.cmake
    libusb-config.cmake

  Add the installation prefix of "libusb" to CMAKE_PREFIX_PATH or set
  "libusb_DIR" to a directory containing one of the above files.  If "libusb"
  provides a separate development package or SDK, be sure it has been
  installed.
[36mCall Stack (most recent call first):[0m
  /home/z017/proj/pcl/build/PCLConfig.cmake:306 (find_libusb)
  /home/z017/proj/pcl/build/PCLConfig.cmake:546 (find_external_library)
  CMakeLists.txt:13 (find_package)


** WARNING ** io features related to libusb will be disabled
** WARNING ** visualization features related to pcap will be disabled
[33m[1mCMake Warning[0m at /home/z017/proj/pcl/build/PCLConfig.cmake:260 (find_package):
  By not providing "Findlibusb.cmake" in CMAKE_MODULE_PATH this project has
  asked CMake to find a package configuration file provided by "libusb", but
  CMake did not find one.

  Could not find a package configuration file provided by "libusb" with any
  of the following names:

    libusbConfig.cmake
    libusb-config.cmake

  Add the installation prefix of "libusb" to CMAKE_PREFIX_PATH or set
  "libusb_DIR" to a directory containing one of the above files.  If "libusb"
  provides a separate development package or SDK, be sure it has been
  installed.
[36mCall Stack (most recent call first):[0m
  /home/z017/proj/pcl/build/PCLConfig.cmake:306 (find_libusb)
  /home/z017/proj/pcl/build/PCLConfig.cmake:546 (find_external_library)
  CMakeLists.txt:13 (find_package)


** WARNING ** visualization features related to libusb will be disabled
