In file included from [01m[K/opt/ros/noetic/include/ros/serialization.h:37[m[K,
                 from [01m[K/opt/ros/noetic/include/ros/publisher.h:34[m[K,
                 from [01m[K/opt/ros/noetic/include/ros/node_handle.h:32[m[K,
                 from [01m[K/opt/ros/noetic/include/ros/ros.h:45[m[K,
                 from [01m[K/home/wsl/proj/planning_ws/src/uam_control_interface/src/uam_pose_control.cpp:1[m[K:
/opt/ros/noetic/include/ros/message_traits.h: In instantiation of ‘[01m[Kstatic const char* ros::message_traits::MD5Sum<M>::value(const M&) [with M = float][m[K’:
[01m[K/opt/ros/noetic/include/ros/message_traits.h:254:102:[m[K   required from ‘[01m[Kconst char* ros::message_traits::md5sum(const M&) [with M = float][m[K’
[01m[K/opt/ros/noetic/include/ros/publisher.h:120:38:[m[K   required from ‘[01m[Kvoid ros::Publisher::publish(const M&) const [with M = float][m[K’
[01m[K/home/wsl/proj/planning_ws/src/uam_control_interface/src/uam_pose_control.cpp:33:31:[m[K   required from here
[01m[K/opt/ros/noetic/include/ros/message_traits.h:125:14:[m[K [01;31m[Kerror: [m[Krequest for member ‘[01m[K__getMD5Sum[m[K’ in ‘[01m[Km[m[K’, which is of non-class type ‘[01m[Kconst float[m[K’
  125 |     return [01;31m[Km.__getMD5Sum[m[K().c_str();
      |            [01;31m[K~~^~~~~~~~~~~[m[K
/opt/ros/noetic/include/ros/message_traits.h: In instantiation of ‘[01m[Kstatic const char* ros::message_traits::DataType<M>::value(const M&) [with M = float][m[K’:
[01m[K/opt/ros/noetic/include/ros/message_traits.h:263:104:[m[K   required from ‘[01m[Kconst char* ros::message_traits::datatype(const M&) [with M = float][m[K’
[01m[K/opt/ros/noetic/include/ros/publisher.h:122:11:[m[K   required from ‘[01m[Kvoid ros::Publisher::publish(const M&) const [with M = float][m[K’
[01m[K/home/wsl/proj/planning_ws/src/uam_control_interface/src/uam_pose_control.cpp:33:31:[m[K   required from here
[01m[K/opt/ros/noetic/include/ros/message_traits.h:142:14:[m[K [01;31m[Kerror: [m[Krequest for member ‘[01m[K__getDataType[m[K’ in ‘[01m[Km[m[K’, which is of non-class type ‘[01m[Kconst float[m[K’
  142 |     return [01;31m[Km.__getDataType[m[K().c_str();
      |            [01;31m[K~~^~~~~~~~~~~~~[m[K
In file included from [01m[K/usr/include/boost/function/detail/maybe_include.hpp:22[m[K,
                 from [01m[K/usr/include/boost/function/detail/function_iterate.hpp:14[m[K,
                 from [01m[K/usr/include/boost/preprocessor/iteration/detail/iter/forward1.hpp:53[m[K,
                 from [01m[K/usr/include/boost/function.hpp:71[m[K,
                 from [01m[K/opt/ros/noetic/include/ros/forwards.h:40[m[K,
                 from [01m[K/opt/ros/noetic/include/ros/common.h:37[m[K,
                 from [01m[K/opt/ros/noetic/include/ros/ros.h:43[m[K,
                 from [01m[K/home/wsl/proj/planning_ws/src/uam_control_interface/src/uam_pose_control.cpp:1[m[K:
/usr/include/boost/function/function_template.hpp: In instantiation of ‘[01m[Kstatic void boost::detail::function::void_function_invoker1<FunctionPtr, R, T0>::invoke(boost::detail::function::function_buffer&, T0) [with FunctionPtr = void (*)(const boost::shared_ptr<const std_msgs::Float32MultiArray_<std::allocator<void> > >&); R = void; T0 = const boost::shared_ptr<const geometry_msgs::PoseStamped_<std::allocator<void> > >&][m[K’:
[01m[K/usr/include/boost/function/function_template.hpp:931:38:[m[K   required from ‘[01m[Kvoid boost::function1<R, T1>::assign_to(Functor) [with Functor = void (*)(const boost::shared_ptr<const std_msgs::Float32MultiArray_<std::allocator<void> > >&); R = void; T0 = const boost::shared_ptr<const geometry_msgs::PoseStamped_<std::allocator<void> > >&][m[K’
[01m[K/usr/include/boost/function/function_template.hpp:720:7:[m[K   required from ‘[01m[Kboost::function1<R, T1>::function1(Functor, typename boost::enable_if_<(! boost::is_integral<Functor>::value), int>::type) [with Functor = void (*)(const boost::shared_ptr<const std_msgs::Float32MultiArray_<std::allocator<void> > >&); R = void; T0 = const boost::shared_ptr<const geometry_msgs::PoseStamped_<std::allocator<void> > >&; typename boost::enable_if_<(! boost::is_integral<Functor>::value), int>::type = int][m[K’
[01m[K/usr/include/boost/function/function_template.hpp:1068:16:[m[K   required from ‘[01m[Kboost::function<R(T0)>::function(Functor, typename boost::enable_if_<(! boost::is_integral<Functor>::value), int>::type) [with Functor = void (*)(const boost::shared_ptr<const std_msgs::Float32MultiArray_<std::allocator<void> > >&); R = void; T0 = const boost::shared_ptr<const geometry_msgs::PoseStamped_<std::allocator<void> > >&; typename boost::enable_if_<(! boost::is_integral<Functor>::value), int>::type = int][m[K’
[01m[K/home/wsl/proj/planning_ws/src/uam_control_interface/src/uam_pose_control.cpp:60:97:[m[K   required from here
[01m[K/usr/include/boost/function/function_template.hpp:117:11:[m[K [01;31m[Kerror: [m[Kinvalid initialization of reference of type ‘[01m[Kconst boost::shared_ptr<const std_msgs::Float32MultiArray_<std::allocator<void> > >&[m[K’ from expression of type ‘[01m[Kconst boost::shared_ptr<const geometry_msgs::PoseStamped_<std::allocator<void> > >[m[K’
  117 |           [01;31m[KBOOST_FUNCTION_RETURN[m[K(f(BOOST_FUNCTION_ARGS));
      |           [01;31m[K^~~~~~~~~~~~~~~~~~~~~[m[K
make[2]: *** [CMakeFiles/surface_reconstructor_node.dir/build.make:76: CMakeFiles/surface_reconstructor_node.dir/home/wsl/proj/planning_ws/src/uam_control_interface/src/uam_pose_control.cpp.o] Error 1
make[1]: *** [CMakeFiles/Makefile2:696: CMakeFiles/surface_reconstructor_node.dir/all] Error 2
make: *** [Makefile:141: all] Error 2
