[01m[K/home/wsl/proj/planning_ws/src/surface_reconstructor/src/nurbs_class.cpp:[m[K In member function ‘[01m[Kint surface_reconstructor::Nurbs::getPos(double, double, ON_3dPoint&)[m[K’:
[01m[K/home/wsl/proj/planning_ws/src/surface_reconstructor/src/nurbs_class.cpp:22:28:[m[K [01;31m[Kerror: [m[K‘[01m[Kpoint[m[K’ was not declared in this scope
   22 |     surface_.EvPoint(u, v, [01;31m[Kpoint[m[K);
      |                            [01;31m[K^~~~~[m[K
[01m[K/home/wsl/proj/planning_ws/src/surface_reconstructor/src/nurbs_class.cpp:[m[K In member function ‘[01m[Kint surface_reconstructor::Nurbs::getCurvature(double, double, double&)[m[K’:
[01m[K/home/wsl/proj/planning_ws/src/surface_reconstructor/src/nurbs_class.cpp:113:5:[m[K [01;31m[Kerror: [m[K‘[01m[Kget2Deriv[m[K’ was not declared in this scope; did you mean ‘[01m[KgetPosDeriv[m[K’?
  113 |     [01;31m[Kget2Deriv[m[K(u, v, du, dv, duu, duv, dvv);
      |     [01;31m[K^~~~~~~~~[m[K
      |     [32m[KgetPosDeriv[m[K
[01m[K/home/wsl/proj/planning_ws/src/surface_reconstructor/src/nurbs_class.cpp:[m[K In member function ‘[01m[Kint surface_reconstructor::Nurbs::getDNormal(double, double, Eigen::Vector3d&, Eigen::Vector3d&)[m[K’:
[01m[K/home/wsl/proj/planning_ws/src/surface_reconstructor/src/nurbs_class.cpp:146:21:[m[K [01;31m[Kerror: [m[Kdeclaration of ‘[01m[KEigen::Vector3d dn_u[m[K’ shadows a parameter
  146 |     Eigen::Vector3d [01;31m[Kdn_u[m[K = (f*F-e*G)/(E*G-F*F)*du + (e*F-f*E)/(E*G-F*F)*dv;
      |                     [01;31m[K^~~~[m[K
[01m[K/home/wsl/proj/planning_ws/src/surface_reconstructor/src/nurbs_class.cpp:147:21:[m[K [01;31m[Kerror: [m[Kdeclaration of ‘[01m[KEigen::Vector3d dn_v[m[K’ shadows a parameter
  147 |     Eigen::Vector3d [01;31m[Kdn_v[m[K = (g*F-f*G)/(E*G-F*F)*du + (f*F-g*E)/(E*G-F*F)*dv;
      |                     [01;31m[K^~~~[m[K
[01m[K/home/wsl/proj/planning_ws/src/surface_reconstructor/src/nurbs_class.cpp:148:1:[m[K [01;35m[Kwarning: [m[Kno return statement in function returning non-void [[01;35m[K-Wreturn-type[m[K]
  148 | [01;35m[K}[m[K
      | [01;35m[K^[m[K
make[2]: *** [CMakeFiles/nurbs_class.dir/build.make:63: CMakeFiles/nurbs_class.dir/src/nurbs_class.cpp.o] Error 1
make[1]: *** [CMakeFiles/Makefile2:235: CMakeFiles/nurbs_class.dir/all] Error 2
make: *** [Makefile:141: all] Error 2
