[01m[K/home/wsl/proj/planning_ws/src/surface_reconstructor/src/pcd_saver.cpp:34:40:[m[K [01;31m[Kerror: [m[K‘[01m[KBool[m[K’ in namespace ‘[01m[Kstd_msgs[m[K’ does not name a type
   34 |     void save_callback(const std_msgs::[01;31m[KBool[m[K::ConstPtr& msg)
      |                                        [01;31m[K^~~~[m[K
[01m[K/home/wsl/proj/planning_ws/src/surface_reconstructor/src/pcd_saver.cpp:34:54:[m[K [01;31m[Kerror: [m[Kexpected unqualified-id before ‘[01m[K&[m[K’ token
   34 |     void save_callback(const std_msgs::Bool::ConstPtr[01;31m[K&[m[K msg)
      |                                                      [01;31m[K^[m[K
[01m[K/home/wsl/proj/planning_ws/src/surface_reconstructor/src/pcd_saver.cpp:34:54:[m[K [01;31m[Kerror: [m[Kexpected ‘[01m[K)[m[K’ before ‘[01m[K&[m[K’ token
   34 |     void save_callback[34m[K([m[Kconst std_msgs::Bool::ConstPtr[01;31m[K&[m[K msg)
      |                       [34m[K~[m[K                              [01;31m[K^[m[K
      |                                                      [32m[K)[m[K
[01m[K/home/wsl/proj/planning_ws/src/surface_reconstructor/src/pcd_saver.cpp:34:54:[m[K [01;31m[Kerror: [m[Kexpected ‘[01m[K;[m[K’ at end of member declaration
   34 |     void save_callback(const std_msgs::Bool::ConstPtr[01;31m[K&[m[K msg)
      |                                                      [01;31m[K^[m[K
      |                                                       [32m[K;[m[K
[01m[K/home/wsl/proj/planning_ws/src/surface_reconstructor/src/pcd_saver.cpp:34:56:[m[K [01;31m[Kerror: [m[K‘[01m[Kmsg[m[K’ does not name a type
   34 |     void save_callback(const std_msgs::Bool::ConstPtr& [01;31m[Kmsg[m[K)
      |                                                        [01;31m[K^~~[m[K
[01m[K/home/wsl/proj/planning_ws/src/surface_reconstructor/src/pcd_saver.cpp:[m[K In constructor ‘[01m[KPCDSaver::PCDSaver()[m[K’:
[01m[K/home/wsl/proj/planning_ws/src/surface_reconstructor/src/pcd_saver.cpp:15:21:[m[K [01;31m[Kerror: [m[K‘[01m[Knh_[m[K’ was not declared in this scope; did you mean ‘[01m[Knh[m[K’?
   15 |         saver_sub = [01;31m[Knh_[m[K.subscribe("/save_signal", 1, &PCDSaver::save_callback, this);
      |                     [01;31m[K^~~[m[K
      |                     [32m[Knh[m[K
make[2]: *** [CMakeFiles/pcd_saver.dir/build.make:63: CMakeFiles/pcd_saver.dir/src/pcd_saver.cpp.o] Error 1
make[1]: *** [CMakeFiles/Makefile2:185: CMakeFiles/pcd_saver.dir/all] Error 2
make: *** [Makefile:141: all] Error 2
